
**** Build of configuration Debug for project empty_CC2650_LAUNCHXL_TI_CC2650F128 ****

"C:\\ti\\ccsv8\\utils\\bin\\gmake" -k -j 8 all -O 
 
Building file: "../empty.cfg"
Invoking: XDCtools
"C:/ti/xdctools_3_32_00_06_core/xs" --xdcpath="C:/ti/tirtos_cc13xx_cc26xx_2_20_01_08/packages;C:/ti/tirtos_cc13xx_cc26xx_2_20_01_08/products/tidrivers_cc13xx_cc26xx_2_20_01_10/packages;C:/ti/tirtos_cc13xx_cc26xx_2_20_01_08/products/bios_6_46_01_38/packages;C:/ti/tirtos_cc13xx_cc26xx_2_20_01_08/products/uia_2_00_06_52/packages;" xdc.tools.configuro -o configPkg -t ti.targets.arm.elf.M3 -p ti.platforms.simplelink:CC2650F128 -r release -c "C:/ti/ccsv8/tools/compiler/ti-cgt-arm_18.1.3.LTS" --compileOptions "-mv7M3 --code_state=16 --float_support=vfplib -me --include_path=\"C:/Users/gquiroz/Documents/GitHub/GeorgFischerClinic/ble_workspace_v8/empty_CC2650_LAUNCHXL_TI_CC2650F128\" --include_path=\"C:/Users/gquiroz/Documents/GitHub/GeorgFischerClinic/ble_workspace_v8/empty_CC2650_LAUNCHXL_TI_CC2650F128\" --include_path=\"C:/ti/tirtos_cc13xx_cc26xx_2_20_01_08/products/cc26xxware_2_24_02_17393\" --include_path=\"C:/ti/ccsv8/tools/compiler/ti-cgt-arm_18.1.3.LTS/include\" --define=ccs -g --diag_warning=225 --diag_warning=255 --diag_wrap=off --display_error_number --gen_func_subsections=on --abi=eabi  " "../empty.cfg"
making package.mak (because of package.bld) ...
generating interfaces for package configPkg (because package/package.xdc.inc is older than package.xdc) ...
configuring empty.xem3 from package/cfg/empty_pem3.cfg ...
generating custom ROM library makefile ... 
Starting build of library sources ...
making C:/Users/gquiroz/Documents/GitHub/GeorgFischerClinic/ble_workspace_v8/empty_CC2650_LAUNCHXL_TI_CC2650F128/src/sysbios/rom_sysbios.aem3 ...
gmake[1]: Entering directory `C:/Users/gquiroz/Documents/GitHub/GeorgFischerClinic/ble_workspace_v8/empty_CC2650_LAUNCHXL_TI_CC2650F128/src/sysbios'
clem3 C:/ti/tirtos_cc13xx_cc26xx_2_20_01_08/products/bios_6_46_01_38/packages/ti/sysbios/BIOS.c ...
asmem3 C:/ti/tirtos_cc13xx_cc26xx_2_20_01_08/products/bios_6_46_01_38/packages/ti/sysbios/family/arm/m3/Hwi_asm.sv7M ...
asmem3 C:/ti/tirtos_cc13xx_cc26xx_2_20_01_08/products/bios_6_46_01_38/packages/ti/sysbios/family/arm/m3/Hwi_asm_switch.sv7M ...
asmem3 C:/ti/tirtos_cc13xx_cc26xx_2_20_01_08/products/bios_6_46_01_38/packages/ti/sysbios/family/arm/m3/IntrinsicsSupport_asm.sv7M ...
asmem3 C:/ti/tirtos_cc13xx_cc26xx_2_20_01_08/products/bios_6_46_01_38/packages/ti/sysbios/family/arm/m3/TaskSupport_asm.sv7M ...
arem3 rom_sysbios.obj m3_Hwi_asm.obj m3_Hwi_asm_switch.obj m3_IntrinsicsSupport_asm.obj m3_TaskSupport_asm.obj ...
gmake[1]: Leaving directory `C:/Users/gquiroz/Documents/GitHub/GeorgFischerClinic/ble_workspace_v8/empty_CC2650_LAUNCHXL_TI_CC2650F128/src/sysbios'
Build of libraries done.
clem3 package/cfg/empty_pem3.c ...
"package/cfg/empty_pem3.c", line 7971: warning #112-D: statement is unreachable
Finished building: "../empty.cfg"
 
        1 file(s) copied.
making ../src/sysbios/rom_sysbios.aem3 ...
gmake[1]: Nothing to be done for 'all'.
Building file: "../ccfg.c"
Invoking: ARM Compiler
"C:/ti/ccsv8/tools/compiler/ti-cgt-arm_18.1.3.LTS/bin/armcl" -mv7M3 --code_state=16 --float_support=vfplib -me --include_path="C:/Users/gquiroz/Documents/GitHub/GeorgFischerClinic/ble_workspace_v8/empty_CC2650_LAUNCHXL_TI_CC2650F128" --include_path="C:/Users/gquiroz/Documents/GitHub/GeorgFischerClinic/ble_workspace_v8/empty_CC2650_LAUNCHXL_TI_CC2650F128" --include_path="C:/ti/tirtos_cc13xx_cc26xx_2_20_01_08/products/cc26xxware_2_24_02_17393" --include_path="C:/ti/ccsv8/tools/compiler/ti-cgt-arm_18.1.3.LTS/include" --define=ccs -g --diag_warning=225 --diag_warning=255 --diag_wrap=off --display_error_number --gen_func_subsections=on --abi=eabi --preproc_with_compile --preproc_dependency="ccfg.d_raw" --cmd_file="configPkg/compiler.opt" "../ccfg.c"
Finished building: "../ccfg.c"
 
Building file: "../empty.c"
Invoking: ARM Compiler
"C:/ti/ccsv8/tools/compiler/ti-cgt-arm_18.1.3.LTS/bin/armcl" -mv7M3 --code_state=16 --float_support=vfplib -me --include_path="C:/Users/gquiroz/Documents/GitHub/GeorgFischerClinic/ble_workspace_v8/empty_CC2650_LAUNCHXL_TI_CC2650F128" --include_path="C:/Users/gquiroz/Documents/GitHub/GeorgFischerClinic/ble_workspace_v8/empty_CC2650_LAUNCHXL_TI_CC2650F128" --include_path="C:/ti/tirtos_cc13xx_cc26xx_2_20_01_08/products/cc26xxware_2_24_02_17393" --include_path="C:/ti/ccsv8/tools/compiler/ti-cgt-arm_18.1.3.LTS/include" --define=ccs -g --diag_warning=225 --diag_warning=255 --diag_wrap=off --display_error_number --gen_func_subsections=on --abi=eabi --preproc_with_compile --preproc_dependency="empty.d_raw" --cmd_file="configPkg/compiler.opt" "../empty.c"
Finished building: "../empty.c"
 
Building file: "../CC2650_LAUNCHXL.c"
Invoking: ARM Compiler
"C:/ti/ccsv8/tools/compiler/ti-cgt-arm_18.1.3.LTS/bin/armcl" -mv7M3 --code_state=16 --float_support=vfplib -me --include_path="C:/Users/gquiroz/Documents/GitHub/GeorgFischerClinic/ble_workspace_v8/empty_CC2650_LAUNCHXL_TI_CC2650F128" --include_path="C:/Users/gquiroz/Documents/GitHub/GeorgFischerClinic/ble_workspace_v8/empty_CC2650_LAUNCHXL_TI_CC2650F128" --include_path="C:/ti/tirtos_cc13xx_cc26xx_2_20_01_08/products/cc26xxware_2_24_02_17393" --include_path="C:/ti/ccsv8/tools/compiler/ti-cgt-arm_18.1.3.LTS/include" --define=ccs -g --diag_warning=225 --diag_warning=255 --diag_wrap=off --display_error_number --gen_func_subsections=on --abi=eabi --preproc_with_compile --preproc_dependency="CC2650_LAUNCHXL.d_raw" --cmd_file="configPkg/compiler.opt" "../CC2650_LAUNCHXL.c"
Finished building: "../CC2650_LAUNCHXL.c"
 
making ../src/sysbios/rom_sysbios.aem3 ...
gmake[2]: Nothing to be done for 'all'.
Building target: "empty_CC2650_LAUNCHXL_TI_CC2650F128.out"
Invoking: ARM Linker
"C:/ti/ccsv8/tools/compiler/ti-cgt-arm_18.1.3.LTS/bin/armcl" -mv7M3 --code_state=16 --float_support=vfplib -me --define=ccs -g --diag_warning=225 --diag_warning=255 --diag_wrap=off --display_error_number --gen_func_subsections=on --abi=eabi -z -m"empty_CC2650_LAUNCHXL_TI_CC2650F128.map" --heap_size=0 --stack_size=256 -i"C:/ti/ccsv8/tools/compiler/ti-cgt-arm_18.1.3.LTS/lib" -i"C:/ti/ccsv8/tools/compiler/ti-cgt-arm_18.1.3.LTS/include" --reread_libs --diag_wrap=off --display_error_number --warn_sections --xml_link_info="empty_CC2650_LAUNCHXL_TI_CC2650F128_linkInfo.xml" --rom_model -o "empty_CC2650_LAUNCHXL_TI_CC2650F128.out" "./CC2650_LAUNCHXL.obj" "./ccfg.obj" "./empty.obj" "../CC2650_LAUNCHXL.cmd" -l"configPkg/linker.cmd" -l"C:/ti/tirtos_cc13xx_cc26xx_2_20_01_08/products/cc26xxware_2_24_02_17393/driverlib/bin/ccs/driverlib.lib" -llibc.a 
<Linking>
Finished building target: "empty_CC2650_LAUNCHXL_TI_CC2650F128.out"
 

**** Build Finished ****
